<?xml version="1.0" encoding="UTF-8"?>
<!-- Generated by org.testng.reporters.JUnitXMLReporter -->
<testsuite hostname="SL-1606" ignored="0" name="Default test" tests="2" failures="1" timestamp="2021-06-17T16:29:41 AEST" time="62.764" errors="0">
  <testcase name="@AfterMethod tearDown" time="0.023" classname="app.tests.TestBase">
    <failure type="org.openqa.selenium.NoSuchSessionException" message="Session ID is null. Using WebDriver after calling quit()?
Build info: version: &amp;apos;3.141.0&amp;apos;, revision: &amp;apos;2ecb7d9a&amp;apos;, time: &amp;apos;2018-10-31T20:09:30&amp;apos;
System info: host: &amp;apos;SL-1606&amp;apos;, ip: &amp;apos;fd11:d543:e838:0:c55f:cf32:4880:7521%en0&amp;apos;, os.name: &amp;apos;Mac OS X&amp;apos;, os.arch: &amp;apos;x86_64&amp;apos;, os.version: &amp;apos;10.16&amp;apos;, java.version: &amp;apos;1.8.0_275&amp;apos;
Driver info: driver.version: RemoteWebDriver">
      <![CDATA[org.openqa.selenium.NoSuchSessionException: Session ID is null. Using WebDriver after calling quit()?
Build info: version: '3.141.0', revision: '2ecb7d9a', time: '2018-10-31T20:09:30'
System info: host: 'SL-1606', ip: 'fd11:d543:e838:0:c55f:cf32:4880:7521%en0', os.name: 'Mac OS X', os.arch: 'x86_64', os.version: '10.16', java.version: '1.8.0_275'
Driver info: driver.version: RemoteWebDriver
at org.openqa.selenium.remote.HttpCommandExecutor.execute(HttpCommandExecutor.java:125)
at io.appium.java_client.remote.AppiumCommandExecutor.execute(AppiumCommandExecutor.java:247)
at org.openqa.selenium.remote.RemoteWebDriver.execute(RemoteWebDriver.java:552)
at io.appium.java_client.DefaultGenericMobileDriver.execute(DefaultGenericMobileDriver.java:41)
at io.appium.java_client.AppiumDriver.execute(AppiumDriver.java:1)
at io.appium.java_client.ios.IOSDriver.execute(IOSDriver.java:1)
at org.openqa.selenium.remote.RemoteWebDriver.executeScript(RemoteWebDriver.java:489)
at app.tests.TestBase.tearDown(TestBase.java:141)
at sun.reflect.NativeMethodAccessorImpl.invoke0(Native Method)
at sun.reflect.NativeMethodAccessorImpl.invoke(NativeMethodAccessorImpl.java:62)
at sun.reflect.DelegatingMethodAccessorImpl.invoke(DelegatingMethodAccessorImpl.java:43)
at java.lang.reflect.Method.invoke(Method.java:498)
at org.testng.internal.MethodInvocationHelper.invokeMethod(MethodInvocationHelper.java:133)
at org.testng.internal.MethodInvocationHelper.invokeMethodConsideringTimeout(MethodInvocationHelper.java:62)
at org.testng.internal.ConfigInvoker.invokeConfigurationMethod(ConfigInvoker.java:385)
at org.testng.internal.ConfigInvoker.invokeConfigurations(ConfigInvoker.java:321)
at org.testng.internal.TestInvoker.runConfigMethods(TestInvoker.java:700)
at org.testng.internal.TestInvoker.runAfterGroupsConfigurations(TestInvoker.java:676)
at org.testng.internal.TestInvoker.invokeMethod(TestInvoker.java:660)
at org.testng.internal.TestInvoker.invokeTestMethod(TestInvoker.java:173)
at org.testng.internal.TestMethodWithDataProviderMethodWorker.call(TestMethodWithDataProviderMethodWorker.java:77)
at org.testng.internal.TestMethodWithDataProviderMethodWorker.call(TestMethodWithDataProviderMethodWorker.java:15)
at java.util.concurrent.FutureTask.run(FutureTask.java:266)
at java.util.concurrent.Executors$RunnableAdapter.call(Executors.java:511)
at java.util.concurrent.FutureTask.run(FutureTask.java:266)
at java.util.concurrent.ThreadPoolExecutor.runWorker(ThreadPoolExecutor.java:1149)
at java.util.concurrent.ThreadPoolExecutor$Worker.run(ThreadPoolExecutor.java:624)
at java.lang.Thread.run(Thread.java:748)
]]>
    </failure>
  </testcase> <!-- @AfterMethod tearDown -->
  <testcase name="@AfterMethod tearDown" time="-1.623911381524E9" classname="app.tests.TestBase">
    <skipped/>
  </testcase> <!-- @AfterMethod tearDown -->
  <testcase name="loginTest" time="34.635" classname="app.tests.SauceDemoAppRDCTest"/>
  <testcase name="loginTest" time="62.719" classname="app.tests.SauceDemoAppRDCTest">
    <failure type="org.openqa.selenium.NoSuchElementException" message="An element could not be located on the page using the given search parameters. (WARNING: The server did not provide any stacktrace information)
Command duration or timeout: 0 milliseconds
For documentation on this error, please visit: http://seleniumhq.org/exceptions/no_such_element.html
Build info: version: &amp;apos;3.141.0&amp;apos;, revision: &amp;apos;2ecb7d9a&amp;apos;, time: &amp;apos;2018-10-31T20:09:30&amp;apos;
System info: host: &amp;apos;SL-1606&amp;apos;, ip: &amp;apos;fd11:d543:e838:0:c55f:cf32:4880:7521%en0&amp;apos;, os.name: &amp;apos;Mac OS X&amp;apos;, os.arch: &amp;apos;x86_64&amp;apos;, os.version: &amp;apos;10.16&amp;apos;, java.version: &amp;apos;1.8.0_275&amp;apos;
Driver info: io.appium.java_client.android.AndroidDriver
Capabilities {adbPort: 15001, appActivity: com.swaglabsmobileapp.Splas..., appPackage: com.swaglabsmobileapp, chromedriverChromeMappingFile: /root/.testobject_devices/w..., chromedriverExecutableDir: /root/.testobject_devices/w..., chromedriverPorts: [[26010, 26020]], databaseEnabled: false, desired: {adbPort: 15001, appActivity: com.swaglabsmobileapp.Splas..., appPackage: com.swaglabsmobileapp, chromedriverChromeMappingFile: /root/.testobject_devices/w..., chromedriverExecutableDir: /root/.testobject_devices/w..., chromedriverPorts: [[26010, 26020]], deviceName: Google_Pixel_C_real, deviceOrientation: portrait, name: loginTest, newCommandTimeout: 240, platformName: Android, suppressKillServer: true, systemPort: 8201, testobject_device: Google Pixel .*, testobject_platform_name: android, testobject_test_name: loginTest, uiautomator2ServerInstallTimeout: 60000}, deviceApiLevel: 27, deviceContextId: 26bdc9b2-3f2e-4a75-8dfc-38e..., deviceManufacturer: Google, deviceModel: Pixel C, deviceName: 10.101.48.20:16008, deviceOrientation: portrait, deviceScreenDensity: 320, deviceScreenSize: 1800x2560, deviceUDID: 10.101.48.20:16008, javascriptEnabled: true, locationContextEnabled: false, name: loginTest, networkConnectionEnabled: true, newCommandTimeout: 240, pixelRatio: 2, platform: LINUX, platformName: android, platformVersion: 8.1.0, statBarHeight: 48, suppressKillServer: true, systemPort: 8201, takesScreenshot: true, testobject_device: Google_Pixel_C_real, testobject_device_name: Google Pixel C, testobject_device_session_id: 2c6e77e5-9565-40ff-8aa5-f21..., testobject_platform_name: android, testobject_project_id: saucelabs-default, testobject_test_name: loginTest, testobject_test_report_api_url: https://api.us-west-1.sauce..., testobject_test_report_id: 313, testobject_test_report_url: https://app.saucelabs.com/t..., testobject_user_id: etiennesil, uiautomator2ServerInstallTimeout: 60000, viewportRect: {height: 2400, left: 0, top: 48, width: 1800}, warnings: {}, webStorageEnabled: false}
Session ID: 2b9d5bb9-7b75-476c-b3b5-87cfec5cac2a
*** Element info: {Using=accessibility id, value=test-Username}">
      <![CDATA[org.openqa.selenium.NoSuchElementException: An element could not be located on the page using the given search parameters. (WARNING: The server did not provide any stacktrace information)
Command duration or timeout: 0 milliseconds
For documentation on this error, please visit: http://seleniumhq.org/exceptions/no_such_element.html
Build info: version: '3.141.0', revision: '2ecb7d9a', time: '2018-10-31T20:09:30'
System info: host: 'SL-1606', ip: 'fd11:d543:e838:0:c55f:cf32:4880:7521%en0', os.name: 'Mac OS X', os.arch: 'x86_64', os.version: '10.16', java.version: '1.8.0_275'
Driver info: io.appium.java_client.android.AndroidDriver
Capabilities {adbPort: 15001, appActivity: com.swaglabsmobileapp.Splas..., appPackage: com.swaglabsmobileapp, chromedriverChromeMappingFile: /root/.testobject_devices/w..., chromedriverExecutableDir: /root/.testobject_devices/w..., chromedriverPorts: [[26010, 26020]], databaseEnabled: false, desired: {adbPort: 15001, appActivity: com.swaglabsmobileapp.Splas..., appPackage: com.swaglabsmobileapp, chromedriverChromeMappingFile: /root/.testobject_devices/w..., chromedriverExecutableDir: /root/.testobject_devices/w..., chromedriverPorts: [[26010, 26020]], deviceName: Google_Pixel_C_real, deviceOrientation: portrait, name: loginTest, newCommandTimeout: 240, platformName: Android, suppressKillServer: true, systemPort: 8201, testobject_device: Google Pixel .*, testobject_platform_name: android, testobject_test_name: loginTest, uiautomator2ServerInstallTimeout: 60000}, deviceApiLevel: 27, deviceContextId: 26bdc9b2-3f2e-4a75-8dfc-38e..., deviceManufacturer: Google, deviceModel: Pixel C, deviceName: 10.101.48.20:16008, deviceOrientation: portrait, deviceScreenDensity: 320, deviceScreenSize: 1800x2560, deviceUDID: 10.101.48.20:16008, javascriptEnabled: true, locationContextEnabled: false, name: loginTest, networkConnectionEnabled: true, newCommandTimeout: 240, pixelRatio: 2, platform: LINUX, platformName: android, platformVersion: 8.1.0, statBarHeight: 48, suppressKillServer: true, systemPort: 8201, takesScreenshot: true, testobject_device: Google_Pixel_C_real, testobject_device_name: Google Pixel C, testobject_device_session_id: 2c6e77e5-9565-40ff-8aa5-f21..., testobject_platform_name: android, testobject_project_id: saucelabs-default, testobject_test_name: loginTest, testobject_test_report_api_url: https://api.us-west-1.sauce..., testobject_test_report_id: 313, testobject_test_report_url: https://app.saucelabs.com/t..., testobject_user_id: etiennesil, uiautomator2ServerInstallTimeout: 60000, viewportRect: {height: 2400, left: 0, top: 48, width: 1800}, warnings: {}, webStorageEnabled: false}
Session ID: 2b9d5bb9-7b75-476c-b3b5-87cfec5cac2a
*** Element info: {Using=accessibility id, value=test-Username}
at sun.reflect.NativeConstructorAccessorImpl.newInstance0(Native Method)
at sun.reflect.NativeConstructorAccessorImpl.newInstance(NativeConstructorAccessorImpl.java:62)
at sun.reflect.DelegatingConstructorAccessorImpl.newInstance(DelegatingConstructorAccessorImpl.java:45)
at java.lang.reflect.Constructor.newInstance(Constructor.java:423)
at org.openqa.selenium.remote.ErrorHandler.createThrowable(ErrorHandler.java:214)
at org.openqa.selenium.remote.ErrorHandler.throwIfResponseFailed(ErrorHandler.java:166)
at org.openqa.selenium.remote.http.JsonHttpResponseCodec.reconstructValue(JsonHttpResponseCodec.java:40)
at org.openqa.selenium.remote.http.AbstractHttpResponseCodec.decode(AbstractHttpResponseCodec.java:80)
at org.openqa.selenium.remote.http.AbstractHttpResponseCodec.decode(AbstractHttpResponseCodec.java:44)
at org.openqa.selenium.remote.HttpCommandExecutor.execute(HttpCommandExecutor.java:158)
at io.appium.java_client.remote.AppiumCommandExecutor.execute(AppiumCommandExecutor.java:247)
at org.openqa.selenium.remote.RemoteWebDriver.execute(RemoteWebDriver.java:552)
at io.appium.java_client.DefaultGenericMobileDriver.execute(DefaultGenericMobileDriver.java:41)
at io.appium.java_client.AppiumDriver.execute(AppiumDriver.java:1)
at io.appium.java_client.android.AndroidDriver.execute(AndroidDriver.java:1)
at org.openqa.selenium.remote.RemoteWebDriver.findElement(RemoteWebDriver.java:323)
at io.appium.java_client.DefaultGenericMobileDriver.findElement(DefaultGenericMobileDriver.java:61)
at io.appium.java_client.AppiumDriver.findElement(AppiumDriver.java:1)
at io.appium.java_client.android.AndroidDriver.findElement(AndroidDriver.java:1)
at io.appium.java_client.FindsByAccessibilityId.findElementByAccessibilityId(FindsByAccessibilityId.java:37)
at app.tests.SauceDemoAppRDCTest.loginTest(SauceDemoAppRDCTest.java:27)
at sun.reflect.NativeMethodAccessorImpl.invoke0(Native Method)
at sun.reflect.NativeMethodAccessorImpl.invoke(NativeMethodAccessorImpl.java:62)
at sun.reflect.DelegatingMethodAccessorImpl.invoke(DelegatingMethodAccessorImpl.java:43)
at java.lang.reflect.Method.invoke(Method.java:498)
at org.testng.internal.MethodInvocationHelper.invokeMethod(MethodInvocationHelper.java:133)
at org.testng.internal.TestInvoker.invokeMethod(TestInvoker.java:598)
at org.testng.internal.TestInvoker.invokeTestMethod(TestInvoker.java:173)
at org.testng.internal.TestMethodWithDataProviderMethodWorker.call(TestMethodWithDataProviderMethodWorker.java:77)
at org.testng.internal.TestMethodWithDataProviderMethodWorker.call(TestMethodWithDataProviderMethodWorker.java:15)
at java.util.concurrent.FutureTask.run(FutureTask.java:266)
at java.util.concurrent.Executors$RunnableAdapter.call(Executors.java:511)
at java.util.concurrent.FutureTask.run(FutureTask.java:266)
at java.util.concurrent.ThreadPoolExecutor.runWorker(ThreadPoolExecutor.java:1149)
at java.util.concurrent.ThreadPoolExecutor$Worker.run(ThreadPoolExecutor.java:624)
at java.lang.Thread.run(Thread.java:748)
]]>
    </failure>
  </testcase> <!-- loginTest -->
</testsuite> <!-- Default test -->
