<?xml version="1.0" encoding="UTF-8"?>
<!-- Generated by org.testng.reporters.JUnitReportReporter -->
<testsuite skipped="0" hostname="Etiennes-MacBook-Pro.local" name="Tests.SauceRDCBrillar" tests="1" failures="0" timestamp="25 Jan 2021 01:07:09 GMT" time="6.625" errors="1">
  <testcase name="loginTest" time="6.625" classname="Tests.SauceRDCBrillar">
    <error type="org.openqa.selenium.NoSuchElementException" message="An element could not be located on the page using the given search parameters. (WARNING: The server did not provide any stacktrace information)
Command duration or timeout: 0 milliseconds
For documentation on this error, please visit: http://seleniumhq.org/exceptions/no_such_element.html
Build info: version: &#039;3.6.0&#039;, revision: &#039;6fbf3ec767&#039;, time: &#039;2017-09-27T15:28:36.4Z&#039;
System info: host: &#039;Etiennes-MacBook-Pro.local&#039;, ip: &#039;fe80:0:0:0:18df:2eff:edca:54fe%en0&#039;, os.name: &#039;Mac OS X&#039;, os.arch: &#039;x86_64&#039;, os.version: &#039;10.15.7&#039;, java.version: &#039;1.8.0_275&#039;
Driver info: io.appium.java_client.android.AndroidDriver
Capabilities [{suppressKillServer=true, appPackage=my.com.cimbclicks.app.reg2, testobject_user_id=etiennesil, chromedriverPorts=[[26010, 26020]], testobject_platform_name=Android, statBarHeight=145, testobject_test_report_url=https://app.saucelabs.com/tests/d8cd538fe2534ad082bbf8b29bcf83d0, viewportRect={top=145, left=0, width=1080, height=1927}, testobject_device_name=Google Pixel 5, testobject_device_session_id=ac4a5ffd-6f0e-4a41-bce7-228d407d4e37, deviceName=10.101.72.26:16001, platform=LINUX, deviceUDID=10.101.72.26:16001, testobject_test_report_id=23, desired={suppressKillServer=true, appPackage=my.com.cimbclicks.app.reg2, chromedriverPorts=[[26010, 26020]], testobject_platform_name=Android, testobject_test_name=SauceRDCTest, testobject_device=Google Pixel 5, adbPort=15001, deviceName=Google_Pixel_5_real_us, appActivity=com.CIMBClicksMY.MainActivity, chromedriverChromeMappingFile=/root/.testobject_devices/work/chromedriver-mapping.json, build=Java-TestNG-Appium-Android, goog:chromeOptions={&quot;w3c&quot;:false}, newCommandTimeout=240, name=SauceRDCTest, deviceOrientation=portrait, platformName=Android, chromedriverExecutableDir=/root/.testobject_devices/work/chromedrivers, systemPort=8201}, goog:chromeOptions={&quot;w3c&quot;:false}, newCommandTimeout=240, platformVersion=11, webStorageEnabled=false, takesScreenshot=true, javascriptEnabled=true, deviceApiLevel=30, deviceManufacturer=Google, platformName=LINUX, chromedriverExecutableDir=/root/.testobject_devices/work/chromedrivers, systemPort=8201, deviceScreenSize=1080x2340, deviceContextId=b1d5ad50-99d1-457c-8bbe-d48a0b27d7fa, networkConnectionEnabled=true, testobject_test_name=SauceRDCTest, warnings={}, testobject_device=Google_Pixel_5_real_us, databaseEnabled=false, adbPort=15001, testobject_project_id=saucelabs-default, appActivity=com.CIMBClicksMY.MainActivity, testobject_test_report_api_url=https://api.us-west-1.saucelabs.com/v1/rdc/jobs/d8cd538fe2534ad082bbf8b29bcf83d0, chromedriverChromeMappingFile=/root/.testobject_devices/work/chromedriver-mapping.json, build=Java-TestNG-Appium-Android, pixelRatio=2.75, locationContextEnabled=false, name=SauceRDCTest, deviceOrientation=portrait, deviceScreenDensity=440, deviceModel=Pixel 5}]
Session ID: 06434158-e861-4160-b587-46967a9103fb
*** Element info: {Using=id, value=comments}">
      <![CDATA[org.openqa.selenium.NoSuchElementException: An element could not be located on the page using the given search parameters. (WARNING: The server did not provide any stacktrace information)
Command duration or timeout: 0 milliseconds
For documentation on this error, please visit: http://seleniumhq.org/exceptions/no_such_element.html
Build info: version: '3.6.0', revision: '6fbf3ec767', time: '2017-09-27T15:28:36.4Z'
System info: host: 'Etiennes-MacBook-Pro.local', ip: 'fe80:0:0:0:18df:2eff:edca:54fe%en0', os.name: 'Mac OS X', os.arch: 'x86_64', os.version: '10.15.7', java.version: '1.8.0_275'
Driver info: io.appium.java_client.android.AndroidDriver
Capabilities [{suppressKillServer=true, appPackage=my.com.cimbclicks.app.reg2, testobject_user_id=etiennesil, chromedriverPorts=[[26010, 26020]], testobject_platform_name=Android, statBarHeight=145, testobject_test_report_url=https://app.saucelabs.com/tests/d8cd538fe2534ad082bbf8b29bcf83d0, viewportRect={top=145, left=0, width=1080, height=1927}, testobject_device_name=Google Pixel 5, testobject_device_session_id=ac4a5ffd-6f0e-4a41-bce7-228d407d4e37, deviceName=10.101.72.26:16001, platform=LINUX, deviceUDID=10.101.72.26:16001, testobject_test_report_id=23, desired={suppressKillServer=true, appPackage=my.com.cimbclicks.app.reg2, chromedriverPorts=[[26010, 26020]], testobject_platform_name=Android, testobject_test_name=SauceRDCTest, testobject_device=Google Pixel 5, adbPort=15001, deviceName=Google_Pixel_5_real_us, appActivity=com.CIMBClicksMY.MainActivity, chromedriverChromeMappingFile=/root/.testobject_devices/work/chromedriver-mapping.json, build=Java-TestNG-Appium-Android, goog:chromeOptions={"w3c":false}, newCommandTimeout=240, name=SauceRDCTest, deviceOrientation=portrait, platformName=Android, chromedriverExecutableDir=/root/.testobject_devices/work/chromedrivers, systemPort=8201}, goog:chromeOptions={"w3c":false}, newCommandTimeout=240, platformVersion=11, webStorageEnabled=false, takesScreenshot=true, javascriptEnabled=true, deviceApiLevel=30, deviceManufacturer=Google, platformName=LINUX, chromedriverExecutableDir=/root/.testobject_devices/work/chromedrivers, systemPort=8201, deviceScreenSize=1080x2340, deviceContextId=b1d5ad50-99d1-457c-8bbe-d48a0b27d7fa, networkConnectionEnabled=true, testobject_test_name=SauceRDCTest, warnings={}, testobject_device=Google_Pixel_5_real_us, databaseEnabled=false, adbPort=15001, testobject_project_id=saucelabs-default, appActivity=com.CIMBClicksMY.MainActivity, testobject_test_report_api_url=https://api.us-west-1.saucelabs.com/v1/rdc/jobs/d8cd538fe2534ad082bbf8b29bcf83d0, chromedriverChromeMappingFile=/root/.testobject_devices/work/chromedriver-mapping.json, build=Java-TestNG-Appium-Android, pixelRatio=2.75, locationContextEnabled=false, name=SauceRDCTest, deviceOrientation=portrait, deviceScreenDensity=440, deviceModel=Pixel 5}]
Session ID: 06434158-e861-4160-b587-46967a9103fb
*** Element info: {Using=id, value=comments}
at sun.reflect.NativeConstructorAccessorImpl.newInstance0(Native Method)
at sun.reflect.NativeConstructorAccessorImpl.newInstance(NativeConstructorAccessorImpl.java:62)
at sun.reflect.DelegatingConstructorAccessorImpl.newInstance(DelegatingConstructorAccessorImpl.java:45)
at java.lang.reflect.Constructor.newInstance(Constructor.java:423)
at org.openqa.selenium.remote.ErrorHandler.createThrowable(ErrorHandler.java:214)
at org.openqa.selenium.remote.ErrorHandler.throwIfResponseFailed(ErrorHandler.java:166)
at org.openqa.selenium.remote.http.JsonHttpResponseCodec.reconstructValue(JsonHttpResponseCodec.java:40)
at org.openqa.selenium.remote.http.AbstractHttpResponseCodec.decode(AbstractHttpResponseCodec.java:80)
at org.openqa.selenium.remote.http.AbstractHttpResponseCodec.decode(AbstractHttpResponseCodec.java:44)
at org.openqa.selenium.remote.HttpCommandExecutor.execute(HttpCommandExecutor.java:160)
at io.appium.java_client.remote.AppiumCommandExecutor.execute(AppiumCommandExecutor.java:89)
at org.openqa.selenium.remote.RemoteWebDriver.execute(RemoteWebDriver.java:601)
at io.appium.java_client.DefaultGenericMobileDriver.execute(DefaultGenericMobileDriver.java:42)
at io.appium.java_client.AppiumDriver.execute(AppiumDriver.java:1)
at io.appium.java_client.android.AndroidDriver.execute(AndroidDriver.java:1)
at org.openqa.selenium.remote.RemoteWebDriver.findElement(RemoteWebDriver.java:371)
at io.appium.java_client.DefaultGenericMobileDriver.findElement(DefaultGenericMobileDriver.java:62)
at io.appium.java_client.AppiumDriver.findElement(AppiumDriver.java:1)
at io.appium.java_client.android.AndroidDriver.findElement(AndroidDriver.java:1)
at org.openqa.selenium.remote.RemoteWebDriver.findElementById(RemoteWebDriver.java:417)
at io.appium.java_client.DefaultGenericMobileDriver.findElementById(DefaultGenericMobileDriver.java:70)
at io.appium.java_client.AppiumDriver.findElementById(AppiumDriver.java:1)
at io.appium.java_client.android.AndroidDriver.findElementById(AndroidDriver.java:1)
at org.openqa.selenium.By$ById.findElement(By.java:218)
at org.openqa.selenium.remote.RemoteWebDriver.findElement(RemoteWebDriver.java:363)
at io.appium.java_client.DefaultGenericMobileDriver.findElement(DefaultGenericMobileDriver.java:58)
at io.appium.java_client.AppiumDriver.findElement(AppiumDriver.java:1)
at io.appium.java_client.android.AndroidDriver.findElement(AndroidDriver.java:1)
at org.openqa.selenium.support.pagefactory.DefaultElementLocator.findElement(DefaultElementLocator.java:69)
at org.openqa.selenium.support.pagefactory.internal.LocatingElementHandler.invoke(LocatingElementHandler.java:38)
at com.sun.proxy.$Proxy8.click(Unknown Source)
at Pages.GuineaPigPage.submitComment(GuineaPigPage.java:34)
at Tests.SauceRDCBrillar.loginTest(SauceRDCBrillar.java:89)
at sun.reflect.NativeMethodAccessorImpl.invoke0(Native Method)
at sun.reflect.NativeMethodAccessorImpl.invoke(NativeMethodAccessorImpl.java:62)
at sun.reflect.DelegatingMethodAccessorImpl.invoke(DelegatingMethodAccessorImpl.java:43)
at java.lang.reflect.Method.invoke(Method.java:498)
at org.testng.internal.MethodInvocationHelper.invokeMethod(MethodInvocationHelper.java:124)
at org.testng.internal.Invoker.invokeMethod(Invoker.java:583)
at org.testng.internal.Invoker.invokeTestMethod(Invoker.java:719)
at org.testng.internal.Invoker.invokeTestMethods(Invoker.java:989)
at org.testng.internal.TestMethodWorker.invokeTestMethods(TestMethodWorker.java:125)
at org.testng.internal.TestMethodWorker.run(TestMethodWorker.java:109)
at org.testng.TestRunner.privateRun(TestRunner.java:648)
at org.testng.TestRunner.run(TestRunner.java:505)
at org.testng.SuiteRunner.runTest(SuiteRunner.java:455)
at org.testng.SuiteRunner.runSequentially(SuiteRunner.java:450)
at org.testng.SuiteRunner.privateRun(SuiteRunner.java:415)
at org.testng.SuiteRunner.run(SuiteRunner.java:364)
at org.testng.SuiteRunnerWorker.runSuite(SuiteRunnerWorker.java:52)
at org.testng.SuiteRunnerWorker.run(SuiteRunnerWorker.java:84)
at org.testng.TestNG.runSuitesSequentially(TestNG.java:1208)
at org.testng.TestNG.runSuitesLocally(TestNG.java:1137)
at org.testng.TestNG.runSuites(TestNG.java:1049)
at org.testng.TestNG.run(TestNG.java:1017)
at org.testng.remote.AbstractRemoteTestNG.run(AbstractRemoteTestNG.java:115)
at org.testng.remote.RemoteTestNG.initAndRun(RemoteTestNG.java:251)
at org.testng.remote.RemoteTestNG.main(RemoteTestNG.java:77)
]]>
    </error>
  </testcase> <!-- loginTest -->
</testsuite> <!-- Tests.SauceRDCBrillar -->
