<?xml version="1.0" encoding="UTF-8"?>
<!-- Generated by org.testng.reporters.JUnitReportReporter -->
<testsuite skipped="0" hostname="SL-1606" name="Tests.SauceRDCTest" tests="1" failures="0" timestamp="26 May 2021 22:50:32 GMT" time="0.699" errors="1">
  <testcase name="loginTest" time="0.699" classname="Tests.SauceRDCTest">
    <error type="org.openqa.selenium.NoSuchElementException" message="An element could not be located on the page using the given search parameters. (WARNING: The server did not provide any stacktrace information)
Command duration or timeout: 0 milliseconds
For documentation on this error, please visit: http://seleniumhq.org/exceptions/no_such_element.html
Build info: version: &#039;3.6.0&#039;, revision: &#039;6fbf3ec767&#039;, time: &#039;2017-09-27T15:28:36.4Z&#039;
System info: host: &#039;SL-1606&#039;, ip: &#039;fd11:d543:e838:0:a1b4:243e:7097:691a%en0&#039;, os.name: &#039;Mac OS X&#039;, os.arch: &#039;x86_64&#039;, os.version: &#039;10.16&#039;, java.version: &#039;1.8.0_275&#039;
Driver info: io.appium.java_client.android.AndroidDriver
Capabilities [{suppressKillServer=true, appPackage=com.swaglabsmobileapp, testobject_user_id=etiennesil, chromedriverPorts=[[26040, 26050]], testobject_platform_name=Android, statBarHeight=54, testobject_test_report_url=https://app.saucelabs.com/tests/94d213564b754411869ff887d966f6b9, viewportRect={top=54, left=0, width=720, height=1328}, testobject_device_name=Samsung Galaxy A10, testobject_device_session_id=47040858-5c56-4bc6-8dfb-81d3c7ee5ab3, uiautomator2ServerInstallTimeout=60000, deviceName=10.101.72.22:16012, platform=LINUX, deviceUDID=10.101.72.22:16012, testobject_test_report_id=220, desired={suppressKillServer=true, appPackage=com.swaglabsmobileapp, chromedriverPorts=[[26040, 26050]], testobject_platform_name=Android, testobject_test_name=SauceRDCTest, testobject_device=Samsung Galaxy A10, adbPort=15004, uiautomator2ServerInstallTimeout=60000, deviceName=Samsung_Galaxy_A10_real_us, appActivity=com.swaglabsmobileapp.SplashActivity, chromedriverChromeMappingFile=/root/.testobject_devices/work/chromedriver-mapping.json, build=Java-TestNG-Appium-Android, newCommandTimeout=240, name=SauceRDCTest, deviceOrientation=portrait, platformName=Android, chromedriverExecutableDir=/root/.testobject_devices/work/chromedrivers, systemPort=8204}, newCommandTimeout=240, platformVersion=10, webStorageEnabled=false, takesScreenshot=true, javascriptEnabled=true, deviceApiLevel=29, deviceManufacturer=samsung, platformName=LINUX, chromedriverExecutableDir=/root/.testobject_devices/work/chromedrivers, systemPort=8204, deviceScreenSize=720x1520, deviceContextId=d392d90a-b69c-47c1-8a1e-23cc90cdff99, networkConnectionEnabled=true, testobject_test_name=SauceRDCTest, warnings={}, testobject_device=Samsung_Galaxy_A10_real_us, databaseEnabled=false, adbPort=15004, testobject_project_id=saucelabs-default, appActivity=com.swaglabsmobileapp.SplashActivity, testobject_test_report_api_url=https://api.us-west-1.saucelabs.com/v1/rdc/jobs/94d213564b754411869ff887d966f6b9, chromedriverChromeMappingFile=/root/.testobject_devices/work/chromedriver-mapping.json, build=Java-TestNG-Appium-Android, pixelRatio=1.75, locationContextEnabled=false, name=SauceRDCTest, deviceOrientation=portrait, deviceScreenDensity=280, deviceModel=SM-A105M}]
Session ID: 734eec2f-546e-435c-9d88-c8cd954a6029
*** Element info: {Using=xpath, value=//*[@content-desc=&#039;test_Username&#039;]}">
      <![CDATA[org.openqa.selenium.NoSuchElementException: An element could not be located on the page using the given search parameters. (WARNING: The server did not provide any stacktrace information)
Command duration or timeout: 0 milliseconds
For documentation on this error, please visit: http://seleniumhq.org/exceptions/no_such_element.html
Build info: version: '3.6.0', revision: '6fbf3ec767', time: '2017-09-27T15:28:36.4Z'
System info: host: 'SL-1606', ip: 'fd11:d543:e838:0:a1b4:243e:7097:691a%en0', os.name: 'Mac OS X', os.arch: 'x86_64', os.version: '10.16', java.version: '1.8.0_275'
Driver info: io.appium.java_client.android.AndroidDriver
Capabilities [{suppressKillServer=true, appPackage=com.swaglabsmobileapp, testobject_user_id=etiennesil, chromedriverPorts=[[26040, 26050]], testobject_platform_name=Android, statBarHeight=54, testobject_test_report_url=https://app.saucelabs.com/tests/94d213564b754411869ff887d966f6b9, viewportRect={top=54, left=0, width=720, height=1328}, testobject_device_name=Samsung Galaxy A10, testobject_device_session_id=47040858-5c56-4bc6-8dfb-81d3c7ee5ab3, uiautomator2ServerInstallTimeout=60000, deviceName=10.101.72.22:16012, platform=LINUX, deviceUDID=10.101.72.22:16012, testobject_test_report_id=220, desired={suppressKillServer=true, appPackage=com.swaglabsmobileapp, chromedriverPorts=[[26040, 26050]], testobject_platform_name=Android, testobject_test_name=SauceRDCTest, testobject_device=Samsung Galaxy A10, adbPort=15004, uiautomator2ServerInstallTimeout=60000, deviceName=Samsung_Galaxy_A10_real_us, appActivity=com.swaglabsmobileapp.SplashActivity, chromedriverChromeMappingFile=/root/.testobject_devices/work/chromedriver-mapping.json, build=Java-TestNG-Appium-Android, newCommandTimeout=240, name=SauceRDCTest, deviceOrientation=portrait, platformName=Android, chromedriverExecutableDir=/root/.testobject_devices/work/chromedrivers, systemPort=8204}, newCommandTimeout=240, platformVersion=10, webStorageEnabled=false, takesScreenshot=true, javascriptEnabled=true, deviceApiLevel=29, deviceManufacturer=samsung, platformName=LINUX, chromedriverExecutableDir=/root/.testobject_devices/work/chromedrivers, systemPort=8204, deviceScreenSize=720x1520, deviceContextId=d392d90a-b69c-47c1-8a1e-23cc90cdff99, networkConnectionEnabled=true, testobject_test_name=SauceRDCTest, warnings={}, testobject_device=Samsung_Galaxy_A10_real_us, databaseEnabled=false, adbPort=15004, testobject_project_id=saucelabs-default, appActivity=com.swaglabsmobileapp.SplashActivity, testobject_test_report_api_url=https://api.us-west-1.saucelabs.com/v1/rdc/jobs/94d213564b754411869ff887d966f6b9, chromedriverChromeMappingFile=/root/.testobject_devices/work/chromedriver-mapping.json, build=Java-TestNG-Appium-Android, pixelRatio=1.75, locationContextEnabled=false, name=SauceRDCTest, deviceOrientation=portrait, deviceScreenDensity=280, deviceModel=SM-A105M}]
Session ID: 734eec2f-546e-435c-9d88-c8cd954a6029
*** Element info: {Using=xpath, value=//*[@content-desc='test_Username']}
at sun.reflect.NativeConstructorAccessorImpl.newInstance0(Native Method)
at sun.reflect.NativeConstructorAccessorImpl.newInstance(NativeConstructorAccessorImpl.java:62)
at sun.reflect.DelegatingConstructorAccessorImpl.newInstance(DelegatingConstructorAccessorImpl.java:45)
at java.lang.reflect.Constructor.newInstance(Constructor.java:423)
at org.openqa.selenium.remote.ErrorHandler.createThrowable(ErrorHandler.java:214)
at org.openqa.selenium.remote.ErrorHandler.throwIfResponseFailed(ErrorHandler.java:166)
at org.openqa.selenium.remote.http.JsonHttpResponseCodec.reconstructValue(JsonHttpResponseCodec.java:40)
at org.openqa.selenium.remote.http.AbstractHttpResponseCodec.decode(AbstractHttpResponseCodec.java:80)
at org.openqa.selenium.remote.http.AbstractHttpResponseCodec.decode(AbstractHttpResponseCodec.java:44)
at org.openqa.selenium.remote.HttpCommandExecutor.execute(HttpCommandExecutor.java:160)
at io.appium.java_client.remote.AppiumCommandExecutor.execute(AppiumCommandExecutor.java:89)
at org.openqa.selenium.remote.RemoteWebDriver.execute(RemoteWebDriver.java:601)
at io.appium.java_client.DefaultGenericMobileDriver.execute(DefaultGenericMobileDriver.java:42)
at io.appium.java_client.AppiumDriver.execute(AppiumDriver.java:1)
at io.appium.java_client.android.AndroidDriver.execute(AndroidDriver.java:1)
at org.openqa.selenium.remote.RemoteWebDriver.findElement(RemoteWebDriver.java:371)
at io.appium.java_client.DefaultGenericMobileDriver.findElement(DefaultGenericMobileDriver.java:62)
at io.appium.java_client.AppiumDriver.findElement(AppiumDriver.java:1)
at io.appium.java_client.android.AndroidDriver.findElement(AndroidDriver.java:1)
at org.openqa.selenium.remote.RemoteWebDriver.findElementByXPath(RemoteWebDriver.java:473)
at io.appium.java_client.DefaultGenericMobileDriver.findElementByXPath(DefaultGenericMobileDriver.java:140)
at io.appium.java_client.AppiumDriver.findElementByXPath(AppiumDriver.java:1)
at io.appium.java_client.android.AndroidDriver.findElementByXPath(AndroidDriver.java:1)
at org.openqa.selenium.By$ByXPath.findElement(By.java:361)
at org.openqa.selenium.remote.RemoteWebDriver.findElement(RemoteWebDriver.java:363)
at io.appium.java_client.DefaultGenericMobileDriver.findElement(DefaultGenericMobileDriver.java:58)
at io.appium.java_client.AppiumDriver.findElement(AppiumDriver.java:1)
at io.appium.java_client.android.AndroidDriver.findElement(AndroidDriver.java:1)
at org.openqa.selenium.support.pagefactory.DefaultElementLocator.findElement(DefaultElementLocator.java:69)
at org.openqa.selenium.support.pagefactory.internal.LocatingElementHandler.invoke(LocatingElementHandler.java:38)
at com.sun.proxy.$Proxy9.sendKeys(Unknown Source)
at Pages.LoginPage.login(LoginPage.java:27)
at Tests.SauceRDCTest.loginTest(SauceRDCTest.java:77)
at sun.reflect.NativeMethodAccessorImpl.invoke0(Native Method)
at sun.reflect.NativeMethodAccessorImpl.invoke(NativeMethodAccessorImpl.java:62)
at sun.reflect.DelegatingMethodAccessorImpl.invoke(DelegatingMethodAccessorImpl.java:43)
at java.lang.reflect.Method.invoke(Method.java:498)
at org.testng.internal.MethodInvocationHelper.invokeMethod(MethodInvocationHelper.java:124)
at org.testng.internal.Invoker.invokeMethod(Invoker.java:583)
at org.testng.internal.Invoker.invokeTestMethod(Invoker.java:719)
at org.testng.internal.Invoker.invokeTestMethods(Invoker.java:989)
at org.testng.internal.TestMethodWorker.invokeTestMethods(TestMethodWorker.java:125)
at org.testng.internal.TestMethodWorker.run(TestMethodWorker.java:109)
at org.testng.TestRunner.privateRun(TestRunner.java:648)
at org.testng.TestRunner.run(TestRunner.java:505)
at org.testng.SuiteRunner.runTest(SuiteRunner.java:455)
at org.testng.SuiteRunner.runSequentially(SuiteRunner.java:450)
at org.testng.SuiteRunner.privateRun(SuiteRunner.java:415)
at org.testng.SuiteRunner.run(SuiteRunner.java:364)
at org.testng.SuiteRunnerWorker.runSuite(SuiteRunnerWorker.java:52)
at org.testng.SuiteRunnerWorker.run(SuiteRunnerWorker.java:84)
at org.testng.TestNG.runSuitesSequentially(TestNG.java:1208)
at org.testng.TestNG.runSuitesLocally(TestNG.java:1137)
at org.testng.TestNG.runSuites(TestNG.java:1049)
at org.testng.TestNG.run(TestNG.java:1017)
at org.testng.remote.AbstractRemoteTestNG.run(AbstractRemoteTestNG.java:115)
at org.testng.remote.RemoteTestNG.initAndRun(RemoteTestNG.java:251)
at org.testng.remote.RemoteTestNG.main(RemoteTestNG.java:77)
]]>
    </error>
  </testcase> <!-- loginTest -->
</testsuite> <!-- Tests.SauceRDCTest -->
