<?xml version="1.0" encoding="UTF-8"?>
<!-- Generated by org.testng.reporters.JUnitReportReporter -->
<testsuite skipped="0" hostname="SL-1606" name="web.tests.DebugTest" tests="1" failures="0" timestamp="03 Jun 2021 11:45:21 GMT" time="103.111" errors="1">
  <testcase name="loginTestTest" time="103.111" classname="web.tests.DebugTest">
    <error type="org.openqa.selenium.NoSuchElementException" message="no such element: Unable to locate element: {&quot;method&quot;:&quot;xpath&quot;,&quot;selector&quot;:&quot;//*[@id=&quot;inventory_container&quot;]/div/div[1]/div[3]/button&quot;}
  (Session info: chrome=89.0.4389.105)
  (Driver info: chromedriver=89.0.4389.23 (61b08ee2c50024bab004e48d2b1b083cdbdac579-refs/branch-heads/4389@{#294}),platform=Linux 4.15.0-136-generic x86_64) (WARNING: The server did not provide any stacktrace information)
Command duration or timeout: 0 milliseconds
For documentation on this error, please visit: http://seleniumhq.org/exceptions/no_such_element.html
Build info: version: &#039;3.6.0&#039;, revision: &#039;6fbf3ec767&#039;, time: &#039;2017-09-27T15:28:36.4Z&#039;
System info: host: &#039;SL-1606&#039;, ip: &#039;fd11:d543:e838:0:ec9e:1a9c:d60:4036%en0&#039;, os.name: &#039;Mac OS X&#039;, os.arch: &#039;x86_64&#039;, os.version: &#039;10.16&#039;, java.version: &#039;1.8.0_275&#039;
Driver info: io.appium.java_client.android.AndroidDriver
Capabilities [{suppressKillServer=true, appPackage=com.android.chrome, testobject_user_id=etiennesil, chromedriverPorts=[[26000, 26010]], testobject_platform_name=Android, statBarHeight=84, testobject_test_report_url=https://app.saucelabs.com/tests/f4e55a498ac1417ca321b657575c5398, viewportRect={top=84, left=0, width=1440, height=2308}, testobject_device_name=Google Pixel XL, testobject_device_session_id=0c7bb653-96b7-41b5-a356-dcfe63c06179, uiautomator2ServerInstallTimeout=60000, deviceName=10.101.64.19:16015, platform=LINUX, deviceUDID=10.101.64.19:16015, testobject_test_report_id=297, desired={suppressKillServer=true, chromedriverPorts=[[26000, 26010]], testobject_platform_name=Android, testobject_test_name=loginTestTest, testobject_device=Google Pixel XL, adbPort=15000, uiautomator2ServerInstallTimeout=60000, deviceName=Google_Pixel_XL_real_us, chromedriverChromeMappingFile=/root/.testobject_devices/work/chromedriver-mapping.json, newCommandTimeout=240, name=loginTestTest, browserName=Chrome, deviceOrientation=portrait, chromeOptions={w3c=false}, platformName=Android, chromedriverExecutableDir=/root/.testobject_devices/work/chromedrivers, systemPort=8200}, newCommandTimeout=240, platformVersion=10, webStorageEnabled=false, takesScreenshot=true, browserName=Chrome, javascriptEnabled=true, deviceApiLevel=29, deviceManufacturer=Google, platformName=LINUX, chromedriverExecutableDir=/root/.testobject_devices/work/chromedrivers, systemPort=8200, deviceScreenSize=1440x2560, deviceContextId=2a6ed4af-bacb-4567-9615-44fe84edb367, networkConnectionEnabled=true, testobject_test_name=loginTestTest, warnings={}, testobject_device=Google_Pixel_XL_real_us, databaseEnabled=false, adbPort=15000, testobject_project_id=saucelabs-default, appActivity=com.google.android.apps.chrome.Main, testobject_test_report_api_url=https://api.us-west-1.saucelabs.com/v1/rdc/jobs/f4e55a498ac1417ca321b657575c5398, chromedriverChromeMappingFile=/root/.testobject_devices/work/chromedriver-mapping.json, pixelRatio=3.5, locationContextEnabled=false, name=loginTestTest, deviceOrientation=portrait, deviceScreenDensity=560, deviceModel=Pixel XL, chromeOptions={w3c=false}}]
Session ID: 33d33d5e-3618-48d9-b39b-de0349acb8ad
*** Element info: {Using=xpath, value=//*[@id=&quot;inventory_container&quot;]/div/div[1]/div[3]/button}">
      <![CDATA[org.openqa.selenium.NoSuchElementException: no such element: Unable to locate element: {"method":"xpath","selector":"//*[@id="inventory_container"]/div/div[1]/div[3]/button"}
  (Session info: chrome=89.0.4389.105)
  (Driver info: chromedriver=89.0.4389.23 (61b08ee2c50024bab004e48d2b1b083cdbdac579-refs/branch-heads/4389@{#294}),platform=Linux 4.15.0-136-generic x86_64) (WARNING: The server did not provide any stacktrace information)
Command duration or timeout: 0 milliseconds
For documentation on this error, please visit: http://seleniumhq.org/exceptions/no_such_element.html
Build info: version: '3.6.0', revision: '6fbf3ec767', time: '2017-09-27T15:28:36.4Z'
System info: host: 'SL-1606', ip: 'fd11:d543:e838:0:ec9e:1a9c:d60:4036%en0', os.name: 'Mac OS X', os.arch: 'x86_64', os.version: '10.16', java.version: '1.8.0_275'
Driver info: io.appium.java_client.android.AndroidDriver
Capabilities [{suppressKillServer=true, appPackage=com.android.chrome, testobject_user_id=etiennesil, chromedriverPorts=[[26000, 26010]], testobject_platform_name=Android, statBarHeight=84, testobject_test_report_url=https://app.saucelabs.com/tests/f4e55a498ac1417ca321b657575c5398, viewportRect={top=84, left=0, width=1440, height=2308}, testobject_device_name=Google Pixel XL, testobject_device_session_id=0c7bb653-96b7-41b5-a356-dcfe63c06179, uiautomator2ServerInstallTimeout=60000, deviceName=10.101.64.19:16015, platform=LINUX, deviceUDID=10.101.64.19:16015, testobject_test_report_id=297, desired={suppressKillServer=true, chromedriverPorts=[[26000, 26010]], testobject_platform_name=Android, testobject_test_name=loginTestTest, testobject_device=Google Pixel XL, adbPort=15000, uiautomator2ServerInstallTimeout=60000, deviceName=Google_Pixel_XL_real_us, chromedriverChromeMappingFile=/root/.testobject_devices/work/chromedriver-mapping.json, newCommandTimeout=240, name=loginTestTest, browserName=Chrome, deviceOrientation=portrait, chromeOptions={w3c=false}, platformName=Android, chromedriverExecutableDir=/root/.testobject_devices/work/chromedrivers, systemPort=8200}, newCommandTimeout=240, platformVersion=10, webStorageEnabled=false, takesScreenshot=true, browserName=Chrome, javascriptEnabled=true, deviceApiLevel=29, deviceManufacturer=Google, platformName=LINUX, chromedriverExecutableDir=/root/.testobject_devices/work/chromedrivers, systemPort=8200, deviceScreenSize=1440x2560, deviceContextId=2a6ed4af-bacb-4567-9615-44fe84edb367, networkConnectionEnabled=true, testobject_test_name=loginTestTest, warnings={}, testobject_device=Google_Pixel_XL_real_us, databaseEnabled=false, adbPort=15000, testobject_project_id=saucelabs-default, appActivity=com.google.android.apps.chrome.Main, testobject_test_report_api_url=https://api.us-west-1.saucelabs.com/v1/rdc/jobs/f4e55a498ac1417ca321b657575c5398, chromedriverChromeMappingFile=/root/.testobject_devices/work/chromedriver-mapping.json, pixelRatio=3.5, locationContextEnabled=false, name=loginTestTest, deviceOrientation=portrait, deviceScreenDensity=560, deviceModel=Pixel XL, chromeOptions={w3c=false}}]
Session ID: 33d33d5e-3618-48d9-b39b-de0349acb8ad
*** Element info: {Using=xpath, value=//*[@id="inventory_container"]/div/div[1]/div[3]/button}
at sun.reflect.NativeConstructorAccessorImpl.newInstance0(Native Method)
at sun.reflect.NativeConstructorAccessorImpl.newInstance(NativeConstructorAccessorImpl.java:62)
at sun.reflect.DelegatingConstructorAccessorImpl.newInstance(DelegatingConstructorAccessorImpl.java:45)
at java.lang.reflect.Constructor.newInstance(Constructor.java:423)
at org.openqa.selenium.remote.ErrorHandler.createThrowable(ErrorHandler.java:214)
at org.openqa.selenium.remote.ErrorHandler.throwIfResponseFailed(ErrorHandler.java:166)
at org.openqa.selenium.remote.http.JsonHttpResponseCodec.reconstructValue(JsonHttpResponseCodec.java:40)
at org.openqa.selenium.remote.http.AbstractHttpResponseCodec.decode(AbstractHttpResponseCodec.java:80)
at org.openqa.selenium.remote.http.AbstractHttpResponseCodec.decode(AbstractHttpResponseCodec.java:44)
at org.openqa.selenium.remote.HttpCommandExecutor.execute(HttpCommandExecutor.java:160)
at io.appium.java_client.remote.AppiumCommandExecutor.execute(AppiumCommandExecutor.java:89)
at org.openqa.selenium.remote.RemoteWebDriver.execute(RemoteWebDriver.java:601)
at io.appium.java_client.DefaultGenericMobileDriver.execute(DefaultGenericMobileDriver.java:42)
at io.appium.java_client.AppiumDriver.execute(AppiumDriver.java:1)
at io.appium.java_client.android.AndroidDriver.execute(AndroidDriver.java:1)
at org.openqa.selenium.remote.RemoteWebDriver.findElement(RemoteWebDriver.java:371)
at io.appium.java_client.DefaultGenericMobileDriver.findElement(DefaultGenericMobileDriver.java:62)
at io.appium.java_client.AppiumDriver.findElement(AppiumDriver.java:1)
at io.appium.java_client.android.AndroidDriver.findElement(AndroidDriver.java:1)
at org.openqa.selenium.remote.RemoteWebDriver.findElementByXPath(RemoteWebDriver.java:473)
at io.appium.java_client.DefaultGenericMobileDriver.findElementByXPath(DefaultGenericMobileDriver.java:140)
at io.appium.java_client.AppiumDriver.findElementByXPath(AppiumDriver.java:1)
at io.appium.java_client.android.AndroidDriver.findElementByXPath(AndroidDriver.java:1)
at org.openqa.selenium.By$ByXPath.findElement(By.java:361)
at org.openqa.selenium.remote.RemoteWebDriver.findElement(RemoteWebDriver.java:363)
at io.appium.java_client.DefaultGenericMobileDriver.findElement(DefaultGenericMobileDriver.java:58)
at io.appium.java_client.AppiumDriver.findElement(AppiumDriver.java:1)
at io.appium.java_client.android.AndroidDriver.findElement(AndroidDriver.java:1)
at org.openqa.selenium.support.pagefactory.DefaultElementLocator.findElement(DefaultElementLocator.java:69)
at org.openqa.selenium.support.pagefactory.internal.LocatingElementHandler.invoke(LocatingElementHandler.java:38)
at com.sun.proxy.$Proxy10.click(Unknown Source)
at web.pages.DemoShopWebPage.selectItemAndGotToCart(DemoShopWebPage.java:34)
at web.tests.DebugTest.loginTestTest(DebugTest.java:52)
at sun.reflect.NativeMethodAccessorImpl.invoke0(Native Method)
at sun.reflect.NativeMethodAccessorImpl.invoke(NativeMethodAccessorImpl.java:62)
at sun.reflect.DelegatingMethodAccessorImpl.invoke(DelegatingMethodAccessorImpl.java:43)
at java.lang.reflect.Method.invoke(Method.java:498)
at org.testng.internal.MethodInvocationHelper.invokeMethod(MethodInvocationHelper.java:124)
at org.testng.internal.Invoker.invokeMethod(Invoker.java:583)
at org.testng.internal.Invoker.invokeTestMethod(Invoker.java:719)
at org.testng.internal.Invoker.invokeTestMethods(Invoker.java:989)
at org.testng.internal.TestMethodWorker.invokeTestMethods(TestMethodWorker.java:125)
at org.testng.internal.TestMethodWorker.run(TestMethodWorker.java:109)
at org.testng.TestRunner.privateRun(TestRunner.java:648)
at org.testng.TestRunner.run(TestRunner.java:505)
at org.testng.SuiteRunner.runTest(SuiteRunner.java:455)
at org.testng.SuiteRunner.runSequentially(SuiteRunner.java:450)
at org.testng.SuiteRunner.privateRun(SuiteRunner.java:415)
at org.testng.SuiteRunner.run(SuiteRunner.java:364)
at org.testng.SuiteRunnerWorker.runSuite(SuiteRunnerWorker.java:52)
at org.testng.SuiteRunnerWorker.run(SuiteRunnerWorker.java:84)
at org.testng.TestNG.runSuitesSequentially(TestNG.java:1208)
at org.testng.TestNG.runSuitesLocally(TestNG.java:1137)
at org.testng.TestNG.runSuites(TestNG.java:1049)
at org.testng.TestNG.run(TestNG.java:1017)
at org.testng.remote.AbstractRemoteTestNG.run(AbstractRemoteTestNG.java:115)
at org.testng.remote.RemoteTestNG.initAndRun(RemoteTestNG.java:251)
at org.testng.remote.RemoteTestNG.main(RemoteTestNG.java:77)
]]>
    </error>
  </testcase> <!-- loginTestTest -->
</testsuite> <!-- web.tests.DebugTest -->
